<?xml version="1.0" encoding="UTF-8"?>
<!-- Generated by org.testng.reporters.JUnitXMLReporter -->
<testsuite hostname="CO-IT01454" name="Default test" tests="9" failures="0" timestamp="12 Oct 2017 18:45:51 GMT" time="0.07" errors="0">
  <testcase name="primerTest" time="0.005" classname="proyectoUno.tareaUnoTraining"/>
  <testcase name="primerTest" time="0.001" classname="proyectoUno.tareaUnoTraining"/>
  <testcase name="primerTest" time="0.002" classname="proyectoUno.tareaUnoTraining"/>
  <testcase name="segundoTest" time="0.001" classname="proyectoUno.tareaUnoTraining"/>
  <testcase name="segundoTest" time="0.002" classname="proyectoUno.tareaUnoTraining"/>
  <testcase name="segundoTest" time="0.002" classname="proyectoUno.tareaUnoTraining"/>
  <testcase name="segundoTest" time="0.002" classname="proyectoUno.tareaUnoTraining"/>
  <testcase name="tercerTest" time="0.017" classname="proyectoUno.tareaUnoTraining"/>
  <testcase name="cuartoTest" time="0.003" classname="proyectoUno.tareaUnoTraining"/>
</testsuite> <!-- Default test -->
