<?xml version="1.0" encoding="UTF-8"?>
<!-- Generated by org.testng.reporters.JUnitXMLReporter -->
<testsuite hostname="CO-IT01454" name="testUno" tests="9" failures="0" timestamp="12 Oct 2017 16:54:28 GMT" time="0.053" errors="0">
  <testcase name="cuartoTest" time="0.001" classname="proyectoUno.tareaUnoTraining">
    <skipped/>
  </testcase> <!-- cuartoTest -->
  <testcase name="primerTest" time="0.002" classname="proyectoUno.tareaUnoTraining"/>
  <testcase name="primerTest" time="0.001" classname="proyectoUno.tareaUnoTraining"/>
  <testcase name="primerTest" time="0.001" classname="proyectoUno.tareaUnoTraining"/>
  <testcase name="segundoTest" time="0.002" classname="proyectoUno.tareaUnoTraining"/>
  <testcase name="segundoTest" time="0.001" classname="proyectoUno.tareaUnoTraining"/>
  <testcase name="segundoTest" time="0.003" classname="proyectoUno.tareaUnoTraining"/>
  <testcase name="segundoTest" time="0.002" classname="proyectoUno.tareaUnoTraining"/>
  <testcase name="tercerTest" time="0.0" classname="proyectoUno.tareaUnoTraining">
    <skipped/>
  </testcase> <!-- tercerTest -->
</testsuite> <!-- testUno -->
