<?xml version="1.0" encoding="UTF-8"?>
<testng-results skipped="0" failed="0" total="0" passed="0">
  <reporter-output>
  </reporter-output>
  <suite name="ProyectoTrainingAutomation1.prota1.AppTest" duration-ms="3" started-at="2017-10-12T16:00:48Z" finished-at="2017-10-12T16:00:48Z">
    <groups>
    </groups>
    <test name="Command line test" duration-ms="3" started-at="2017-10-12T16:00:48Z" finished-at="2017-10-12T16:00:48Z">
    </test> <!-- Command line test -->
  </suite> <!-- ProyectoTrainingAutomation1.prota1.AppTest -->
</testng-results>
